Notice	76f23b4	1212
README	f11dd32a	7973
cds.c	147aded1	4221
data.c	e53078ae	10697
defines.h	fd9fa7c5	8720
defs.h	e48cebb	34523
equiv.c	fdeff25	9340
error.c	ef1dd812	5015
exec.c	e169a868	21191
expr.c	6bfe005	72276
f2c.1	b0441b2	7532
f2c.1t	bf1f87	7574
f2c.h	e770b7d8	4688
format.c	f97004df	59746
format.h	b396862	458
formatdata.c	11a95834	28870
ftypes.h	9a0b38c	1616
gram.c	3794117	64242
gram.dcl	e38579ff	8463
gram.exec	e20ca496	3033
gram.expr	eca86241	3193
gram.head	e6bbfeab	7362
gram.io	101f7521	3350
init.c	fe1abab5	11833
intr.c	1ebf37ee	25016
io.c	1739e50	30664
iob.h	ece45655	548
lex.c	1b0d5df9	34746
machdefs.h	4950e5b	659
main.c	e2fad403	20921
makefile.u	e0dd1cab	3710
makefile.vc	eb8aae7c	2685
malloc.c	40d2ad0	3975
mem.c	e54b227d	5437
memset.c	12a1e1aa	2121
misc.c	8d99c9	22945
names.c	fa887031	21553
names.h	110806d6	569
niceprintf.c	141fb644	10950
niceprintf.h	c31f08c	412
output.c	ee3a3cc5	43483
output.h	fa6797d9	2103
p1defs.h	1b02743	5741
p1output.c	6fd9954	14376
parse.h	18d34e6b	1119
parse_args.c	eb2fd4ea	14145
pccdefs.h	1b4fbbee	1195
pread.c	1fbd30ab	17831
proc.c	649db52	39174
put.c	af0be95	10345
putpcc.c	7669b2f	46093
sysdep.c	fe71c52a	15893
sysdep.h	e7826434	2755
sysdeptest.c	c92b2d4	408
tokens	188b7c5d	733
usignal.h	1c4ce909	124
vax.c	8b21b83	12436
version.c	f48eeae3	107
xsum.c	e05654a7	6653
