# cmd: /Users/ramos/Library/Mobile Documents/com~apple~CloudDocs/Programming/Frameworks/catboost-mlx/csv_train_p11 /Users/ramos/Library/Mobile Documents/com~apple~CloudDocs/Programming/Frameworks/catboost-mlx/docs/sprint36/p11/data/synthetic-logloss-seed7.csv --loss logloss --iterations 100 --depth 6 --lr 0.03 --l2 3 --bins 128 --target-col 0 --seed 7 --score-function L2 --verbose
# returncode: 0
# stdout:
CatBoost-MLX CSV Training Tool
==============================
Loaded: 20000 rows, 10 features from /Users/ramos/Library/Mobile Documents/com~apple~CloudDocs/Programming/Frameworks/catboost-mlx/docs/sprint36/p11/data/synthetic-logloss-seed7.csv
Quantized: 1270 bin-features, 3 uint32 per doc

Training: 100 iterations, depth=6, lr=0.0300, l2=3.00, loss=logloss
---
Base prediction (boost from average): -0.013800
  [profile iter0] layout=0.1ms hist=9.9ms split=0.4ms part=1.5ms
iter=0  trees=1  depth=6  loss=0.691145  time=19ms
iter=1  trees=2  depth=6  loss=0.689264  time=9ms
iter=2  trees=3  depth=6  loss=0.687500  time=7ms
iter=3  trees=4  depth=6  loss=0.685816  time=8ms
iter=4  trees=5  depth=6  loss=0.684240  time=8ms
iter=5  trees=6  depth=6  loss=0.682735  time=8ms
iter=6  trees=7  depth=6  loss=0.681323  time=8ms
iter=7  trees=8  depth=6  loss=0.679941  time=8ms
iter=8  trees=9  depth=6  loss=0.678673  time=8ms
iter=9  trees=10  depth=6  loss=0.677431  time=8ms
iter=10  trees=11  depth=6  loss=0.676268  time=8ms
iter=11  trees=12  depth=6  loss=0.675164  time=9ms
iter=12  trees=13  depth=6  loss=0.674121  time=8ms
iter=13  trees=14  depth=6  loss=0.673145  time=7ms
iter=14  trees=15  depth=6  loss=0.672200  time=8ms
iter=15  trees=16  depth=6  loss=0.671293  time=9ms
iter=16  trees=17  depth=6  loss=0.670447  time=9ms
iter=17  trees=18  depth=6  loss=0.669629  time=9ms
iter=18  trees=19  depth=6  loss=0.668859  time=9ms
iter=19  trees=20  depth=6  loss=0.668128  time=9ms
iter=20  trees=21  depth=6  loss=0.667432  time=8ms
iter=21  trees=22  depth=6  loss=0.666759  time=8ms
iter=22  trees=23  depth=6  loss=0.666126  time=8ms
iter=23  trees=24  depth=6  loss=0.665520  time=9ms
iter=24  trees=25  depth=6  loss=0.664950  time=8ms
iter=25  trees=26  depth=6  loss=0.664404  time=8ms
iter=26  trees=27  depth=6  loss=0.663865  time=8ms
iter=27  trees=28  depth=6  loss=0.663359  time=8ms
iter=28  trees=29  depth=6  loss=0.662882  time=9ms
iter=29  trees=30  depth=6  loss=0.662427  time=8ms
iter=30  trees=31  depth=6  loss=0.661990  time=8ms
iter=31  trees=32  depth=6  loss=0.661572  time=8ms
iter=32  trees=33  depth=6  loss=0.661169  time=8ms
iter=33  trees=34  depth=6  loss=0.660765  time=8ms
iter=34  trees=35  depth=6  loss=0.660380  time=8ms
iter=35  trees=36  depth=6  loss=0.660028  time=8ms
iter=36  trees=37  depth=6  loss=0.659685  time=8ms
iter=37  trees=38  depth=6  loss=0.659343  time=8ms
iter=38  trees=39  depth=6  loss=0.659038  time=9ms
iter=39  trees=40  depth=6  loss=0.658723  time=8ms
iter=40  trees=41  depth=6  loss=0.658438  time=8ms
iter=41  trees=42  depth=6  loss=0.658151  time=8ms
iter=42  trees=43  depth=6  loss=0.657893  time=8ms
iter=43  trees=44  depth=6  loss=0.657628  time=8ms
iter=44  trees=45  depth=6  loss=0.657385  time=9ms
iter=45  trees=46  depth=6  loss=0.657152  time=8ms
iter=46  trees=47  depth=6  loss=0.656897  time=8ms
iter=47  trees=48  depth=6  loss=0.656661  time=9ms
iter=48  trees=49  depth=6  loss=0.656452  time=9ms
iter=49  trees=50  depth=6  loss=0.656245  time=8ms
iter=50  trees=51  depth=6  loss=0.656044  time=8ms
iter=51  trees=52  depth=6  loss=0.655849  time=9ms
iter=52  trees=53  depth=6  loss=0.655644  time=8ms
iter=53  trees=54  depth=6  loss=0.655439  time=9ms
iter=54  trees=55  depth=6  loss=0.655245  time=9ms
iter=55  trees=56  depth=6  loss=0.655053  time=8ms
iter=56  trees=57  depth=6  loss=0.654868  time=8ms
iter=57  trees=58  depth=6  loss=0.654666  time=8ms
iter=58  trees=59  depth=6  loss=0.654513  time=8ms
iter=59  trees=60  depth=6  loss=0.654349  time=9ms
iter=60  trees=61  depth=6  loss=0.654193  time=9ms
iter=61  trees=62  depth=6  loss=0.654033  time=8ms
iter=62  trees=63  depth=6  loss=0.653850  time=8ms
iter=63  trees=64  depth=6  loss=0.653707  time=9ms
iter=64  trees=65  depth=6  loss=0.653544  time=9ms
iter=65  trees=66  depth=6  loss=0.653407  time=9ms
iter=66  trees=67  depth=6  loss=0.653265  time=9ms
iter=67  trees=68  depth=6  loss=0.653077  time=9ms
iter=68  trees=69  depth=6  loss=0.652931  time=9ms
iter=69  trees=70  depth=6  loss=0.652790  time=8ms
iter=70  trees=71  depth=6  loss=0.652649  time=9ms
iter=71  trees=72  depth=6  loss=0.652462  time=8ms
iter=72  trees=73  depth=6  loss=0.652317  time=10ms
iter=73  trees=74  depth=6  loss=0.652205  time=10ms
iter=74  trees=75  depth=6  loss=0.652069  time=9ms
iter=75  trees=76  depth=6  loss=0.651934  time=9ms
iter=76  trees=77  depth=6  loss=0.651808  time=9ms
iter=77  trees=78  depth=6  loss=0.651666  time=9ms
iter=78  trees=79  depth=6  loss=0.651547  time=9ms
iter=79  trees=80  depth=6  loss=0.651400  time=9ms
iter=80  trees=81  depth=6  loss=0.651243  time=9ms
iter=81  trees=82  depth=6  loss=0.651121  time=10ms
iter=82  trees=83  depth=6  loss=0.651020  time=9ms
iter=83  trees=84  depth=6  loss=0.650922  time=10ms
iter=84  trees=85  depth=6  loss=0.650776  time=9ms
iter=85  trees=86  depth=6  loss=0.650653  time=9ms
iter=86  trees=87  depth=6  loss=0.650520  time=9ms
iter=87  trees=88  depth=6  loss=0.650412  time=11ms
iter=88  trees=89  depth=6  loss=0.650309  time=10ms
iter=89  trees=90  depth=6  loss=0.650198  time=10ms
iter=90  trees=91  depth=6  loss=0.650088  time=9ms
iter=91  trees=92  depth=6  loss=0.649969  time=9ms
iter=92  trees=93  depth=6  loss=0.649860  time=9ms
iter=93  trees=94  depth=6  loss=0.649758  time=10ms
iter=94  trees=95  depth=6  loss=0.649656  time=10ms
iter=95  trees=96  depth=6  loss=0.649562  time=11ms
iter=96  trees=97  depth=6  loss=0.649476  time=9ms
iter=97  trees=98  depth=6  loss=0.649375  time=9ms
iter=98  trees=99  depth=6  loss=0.649273  time=11ms
iter=99  trees=100  depth=6  loss=0.649171  time=10ms
---
Training complete: 100 trees in 0.95s
Phase breakdown (avg per iter): grad=0.3ms tree=8.6ms leaf=0.2ms apply=0.2ms

# stderr:
