# cmd: /Users/ramos/Library/Mobile Documents/com~apple~CloudDocs/Programming/Frameworks/catboost-mlx/csv_train_p11 /Users/ramos/Library/Mobile Documents/com~apple~CloudDocs/Programming/Frameworks/catboost-mlx/docs/sprint36/p11/data/synthetic-poisson-seed42.csv --loss poisson --iterations 100 --depth 6 --lr 0.03 --l2 3 --bins 128 --target-col 0 --seed 42 --score-function L2 --verbose
# returncode: 0
# stdout:
CatBoost-MLX CSV Training Tool
==============================
Loaded: 20000 rows, 10 features from /Users/ramos/Library/Mobile Documents/com~apple~CloudDocs/Programming/Frameworks/catboost-mlx/docs/sprint36/p11/data/synthetic-poisson-seed42.csv
Quantized: 1270 bin-features, 3 uint32 per doc

Training: 100 iterations, depth=6, lr=0.0300, l2=3.00, loss=poisson
---
Base prediction (boost from average): -0.422586
  [profile iter0] layout=0.1ms hist=9.4ms split=0.4ms part=1.6ms
iter=0  trees=1  depth=6  loss=0.929813  time=19ms
iter=1  trees=2  depth=6  loss=0.927506  time=9ms
iter=2  trees=3  depth=6  loss=0.925341  time=8ms
iter=3  trees=4  depth=6  loss=0.923307  time=8ms
iter=4  trees=5  depth=6  loss=0.921406  time=8ms
iter=5  trees=6  depth=6  loss=0.919614  time=9ms
iter=6  trees=7  depth=6  loss=0.917933  time=9ms
iter=7  trees=8  depth=6  loss=0.916353  time=8ms
iter=8  trees=9  depth=6  loss=0.914852  time=8ms
iter=9  trees=10  depth=6  loss=0.913452  time=8ms
iter=10  trees=11  depth=6  loss=0.912119  time=8ms
iter=11  trees=12  depth=6  loss=0.910865  time=8ms
iter=12  trees=13  depth=6  loss=0.909679  time=8ms
iter=13  trees=14  depth=6  loss=0.908538  time=8ms
iter=14  trees=15  depth=6  loss=0.907462  time=8ms
iter=15  trees=16  depth=6  loss=0.906458  time=9ms
iter=16  trees=17  depth=6  loss=0.905488  time=9ms
iter=17  trees=18  depth=6  loss=0.904569  time=8ms
iter=18  trees=19  depth=6  loss=0.903692  time=8ms
iter=19  trees=20  depth=6  loss=0.902879  time=8ms
iter=20  trees=21  depth=6  loss=0.902098  time=8ms
iter=21  trees=22  depth=6  loss=0.901349  time=8ms
iter=22  trees=23  depth=6  loss=0.900632  time=8ms
iter=23  trees=24  depth=6  loss=0.899945  time=8ms
iter=24  trees=25  depth=6  loss=0.899306  time=8ms
iter=25  trees=26  depth=6  loss=0.898682  time=8ms
iter=26  trees=27  depth=6  loss=0.898094  time=9ms
iter=27  trees=28  depth=6  loss=0.897502  time=8ms
iter=28  trees=29  depth=6  loss=0.896960  time=8ms
iter=29  trees=30  depth=6  loss=0.896451  time=8ms
iter=30  trees=31  depth=6  loss=0.895955  time=8ms
iter=31  trees=32  depth=6  loss=0.895480  time=7ms
iter=32  trees=33  depth=6  loss=0.895016  time=8ms
iter=33  trees=34  depth=6  loss=0.894587  time=8ms
iter=34  trees=35  depth=6  loss=0.894173  time=8ms
iter=35  trees=36  depth=6  loss=0.893772  time=8ms
iter=36  trees=37  depth=6  loss=0.893380  time=8ms
iter=37  trees=38  depth=6  loss=0.893006  time=8ms
iter=38  trees=39  depth=6  loss=0.892666  time=8ms
iter=39  trees=40  depth=6  loss=0.892322  time=8ms
iter=40  trees=41  depth=6  loss=0.891997  time=9ms
iter=41  trees=42  depth=6  loss=0.891676  time=8ms
iter=42  trees=43  depth=6  loss=0.891376  time=8ms
iter=43  trees=44  depth=6  loss=0.891068  time=9ms
iter=44  trees=45  depth=6  loss=0.890790  time=9ms
iter=45  trees=46  depth=6  loss=0.890503  time=8ms
iter=46  trees=47  depth=6  loss=0.890237  time=8ms
iter=47  trees=48  depth=6  loss=0.889964  time=9ms
iter=48  trees=49  depth=6  loss=0.889702  time=9ms
iter=49  trees=50  depth=6  loss=0.889462  time=8ms
iter=50  trees=51  depth=6  loss=0.889221  time=9ms
iter=51  trees=52  depth=6  loss=0.888981  time=9ms
iter=52  trees=53  depth=6  loss=0.888764  time=8ms
iter=53  trees=54  depth=6  loss=0.888548  time=8ms
iter=54  trees=55  depth=6  loss=0.888336  time=9ms
iter=55  trees=56  depth=6  loss=0.888089  time=9ms
iter=56  trees=57  depth=6  loss=0.887858  time=8ms
iter=57  trees=58  depth=6  loss=0.887665  time=9ms
iter=58  trees=59  depth=6  loss=0.887477  time=9ms
iter=59  trees=60  depth=6  loss=0.887299  time=9ms
iter=60  trees=61  depth=6  loss=0.887099  time=8ms
iter=61  trees=62  depth=6  loss=0.886916  time=10ms
iter=62  trees=63  depth=6  loss=0.886677  time=9ms
iter=63  trees=64  depth=6  loss=0.886491  time=9ms
iter=64  trees=65  depth=6  loss=0.886316  time=9ms
iter=65  trees=66  depth=6  loss=0.886156  time=9ms
iter=66  trees=67  depth=6  loss=0.885997  time=8ms
iter=67  trees=68  depth=6  loss=0.885844  time=9ms
iter=68  trees=69  depth=6  loss=0.885679  time=11ms
iter=69  trees=70  depth=6  loss=0.885529  time=10ms
iter=70  trees=71  depth=6  loss=0.885356  time=8ms
iter=71  trees=72  depth=6  loss=0.885209  time=10ms
iter=72  trees=73  depth=6  loss=0.885059  time=9ms
iter=73  trees=74  depth=6  loss=0.884911  time=10ms
iter=74  trees=75  depth=6  loss=0.884752  time=9ms
iter=75  trees=76  depth=6  loss=0.884534  time=8ms
iter=76  trees=77  depth=6  loss=0.884407  time=8ms
iter=77  trees=78  depth=6  loss=0.884260  time=10ms
iter=78  trees=79  depth=6  loss=0.884140  time=11ms
iter=79  trees=80  depth=6  loss=0.884026  time=10ms
iter=80  trees=81  depth=6  loss=0.883904  time=10ms
iter=81  trees=82  depth=6  loss=0.883727  time=8ms
iter=82  trees=83  depth=6  loss=0.883589  time=9ms
iter=83  trees=84  depth=6  loss=0.883469  time=10ms
iter=84  trees=85  depth=6  loss=0.883357  time=10ms
iter=85  trees=86  depth=6  loss=0.883198  time=9ms
iter=86  trees=87  depth=6  loss=0.883087  time=10ms
iter=87  trees=88  depth=6  loss=0.882940  time=10ms
iter=88  trees=89  depth=6  loss=0.882812  time=9ms
iter=89  trees=90  depth=6  loss=0.882678  time=10ms
iter=90  trees=91  depth=6  loss=0.882509  time=9ms
iter=91  trees=92  depth=6  loss=0.882411  time=11ms
iter=92  trees=93  depth=6  loss=0.882278  time=10ms
iter=93  trees=94  depth=6  loss=0.882168  time=11ms
iter=94  trees=95  depth=6  loss=0.882053  time=10ms
iter=95  trees=96  depth=6  loss=0.881933  time=9ms
iter=96  trees=97  depth=6  loss=0.881790  time=8ms
iter=97  trees=98  depth=6  loss=0.881643  time=9ms
iter=98  trees=99  depth=6  loss=0.881504  time=10ms
iter=99  trees=100  depth=6  loss=0.881408  time=10ms
---
Training complete: 100 trees in 0.95s
Phase breakdown (avg per iter): grad=0.3ms tree=8.7ms leaf=0.2ms apply=0.2ms

# stderr:
