# cmd: /Users/ramos/Library/Mobile Documents/com~apple~CloudDocs/Programming/Frameworks/catboost-mlx/csv_train_p11 /Users/ramos/Library/Mobile Documents/com~apple~CloudDocs/Programming/Frameworks/catboost-mlx/docs/sprint36/p11/data/synthetic-poisson-seed9999.csv --loss poisson --iterations 100 --depth 6 --lr 0.03 --l2 3 --bins 128 --target-col 0 --seed 9999 --score-function L2 --verbose
# returncode: 0
# stdout:
CatBoost-MLX CSV Training Tool
==============================
Loaded: 20000 rows, 10 features from /Users/ramos/Library/Mobile Documents/com~apple~CloudDocs/Programming/Frameworks/catboost-mlx/docs/sprint36/p11/data/synthetic-poisson-seed9999.csv
Quantized: 1270 bin-features, 3 uint32 per doc

Training: 100 iterations, depth=6, lr=0.0300, l2=3.00, loss=poisson
---
Base prediction (boost from average): -0.442933
  [profile iter0] layout=0.1ms hist=9.3ms split=0.4ms part=1.4ms
iter=0  trees=1  depth=6  loss=0.924261  time=18ms
iter=1  trees=2  depth=6  loss=0.922086  time=9ms
iter=2  trees=3  depth=6  loss=0.920056  time=9ms
iter=3  trees=4  depth=6  loss=0.918145  time=9ms
iter=4  trees=5  depth=6  loss=0.916363  time=9ms
iter=5  trees=6  depth=6  loss=0.914664  time=9ms
iter=6  trees=7  depth=6  loss=0.913036  time=8ms
iter=7  trees=8  depth=6  loss=0.911523  time=8ms
iter=8  trees=9  depth=6  loss=0.910098  time=8ms
iter=9  trees=10  depth=6  loss=0.908752  time=8ms
iter=10  trees=11  depth=6  loss=0.907484  time=8ms
iter=11  trees=12  depth=6  loss=0.906290  time=8ms
iter=12  trees=13  depth=6  loss=0.905173  time=8ms
iter=13  trees=14  depth=6  loss=0.904106  time=8ms
iter=14  trees=15  depth=6  loss=0.903107  time=8ms
iter=15  trees=16  depth=6  loss=0.902150  time=8ms
iter=16  trees=17  depth=6  loss=0.901245  time=8ms
iter=17  trees=18  depth=6  loss=0.900384  time=8ms
iter=18  trees=19  depth=6  loss=0.899572  time=8ms
iter=19  trees=20  depth=6  loss=0.898799  time=9ms
iter=20  trees=21  depth=6  loss=0.898066  time=9ms
iter=21  trees=22  depth=6  loss=0.897377  time=8ms
iter=22  trees=23  depth=6  loss=0.896720  time=8ms
iter=23  trees=24  depth=6  loss=0.896097  time=8ms
iter=24  trees=25  depth=6  loss=0.895482  time=8ms
iter=25  trees=26  depth=6  loss=0.894909  time=8ms
iter=26  trees=27  depth=6  loss=0.894343  time=8ms
iter=27  trees=28  depth=6  loss=0.893816  time=8ms
iter=28  trees=29  depth=6  loss=0.893324  time=8ms
iter=29  trees=30  depth=6  loss=0.892848  time=9ms
iter=30  trees=31  depth=6  loss=0.892379  time=8ms
iter=31  trees=32  depth=6  loss=0.891914  time=8ms
iter=32  trees=33  depth=6  loss=0.891497  time=8ms
iter=33  trees=34  depth=6  loss=0.891097  time=8ms
iter=34  trees=35  depth=6  loss=0.890699  time=8ms
iter=35  trees=36  depth=6  loss=0.890322  time=8ms
iter=36  trees=37  depth=6  loss=0.889970  time=8ms
iter=37  trees=38  depth=6  loss=0.889631  time=8ms
iter=38  trees=39  depth=6  loss=0.889294  time=8ms
iter=39  trees=40  depth=6  loss=0.888972  time=8ms
iter=40  trees=41  depth=6  loss=0.888647  time=8ms
iter=41  trees=42  depth=6  loss=0.888344  time=9ms
iter=42  trees=43  depth=6  loss=0.888054  time=8ms
iter=43  trees=44  depth=6  loss=0.887774  time=9ms
iter=44  trees=45  depth=6  loss=0.887501  time=8ms
iter=45  trees=46  depth=6  loss=0.887244  time=8ms
iter=46  trees=47  depth=6  loss=0.886971  time=8ms
iter=47  trees=48  depth=6  loss=0.886721  time=8ms
iter=48  trees=49  depth=6  loss=0.886480  time=8ms
iter=49  trees=50  depth=6  loss=0.886248  time=8ms
iter=50  trees=51  depth=6  loss=0.886033  time=8ms
iter=51  trees=52  depth=6  loss=0.885819  time=8ms
iter=52  trees=53  depth=6  loss=0.885617  time=8ms
iter=53  trees=54  depth=6  loss=0.885405  time=8ms
iter=54  trees=55  depth=6  loss=0.885194  time=9ms
iter=55  trees=56  depth=6  loss=0.884994  time=8ms
iter=56  trees=57  depth=6  loss=0.884786  time=8ms
iter=57  trees=58  depth=6  loss=0.884599  time=8ms
iter=58  trees=59  depth=6  loss=0.884388  time=8ms
iter=59  trees=60  depth=6  loss=0.884204  time=9ms
iter=60  trees=61  depth=6  loss=0.884018  time=9ms
iter=61  trees=62  depth=6  loss=0.883849  time=8ms
iter=62  trees=63  depth=6  loss=0.883671  time=9ms
iter=63  trees=64  depth=6  loss=0.883505  time=8ms
iter=64  trees=65  depth=6  loss=0.883324  time=9ms
iter=65  trees=66  depth=6  loss=0.883164  time=9ms
iter=66  trees=67  depth=6  loss=0.883022  time=9ms
iter=67  trees=68  depth=6  loss=0.882842  time=9ms
iter=68  trees=69  depth=6  loss=0.882680  time=9ms
iter=69  trees=70  depth=6  loss=0.882509  time=8ms
iter=70  trees=71  depth=6  loss=0.882371  time=9ms
iter=71  trees=72  depth=6  loss=0.882214  time=10ms
iter=72  trees=73  depth=6  loss=0.882064  time=10ms
iter=73  trees=74  depth=6  loss=0.881910  time=8ms
iter=74  trees=75  depth=6  loss=0.881727  time=9ms
iter=75  trees=76  depth=6  loss=0.881562  time=9ms
iter=76  trees=77  depth=6  loss=0.881412  time=10ms
iter=77  trees=78  depth=6  loss=0.881228  time=8ms
iter=78  trees=79  depth=6  loss=0.881059  time=9ms
iter=79  trees=80  depth=6  loss=0.880914  time=9ms
iter=80  trees=81  depth=6  loss=0.880761  time=8ms
iter=81  trees=82  depth=6  loss=0.880602  time=8ms
iter=82  trees=83  depth=6  loss=0.880437  time=8ms
iter=83  trees=84  depth=6  loss=0.880310  time=9ms
iter=84  trees=85  depth=6  loss=0.880186  time=11ms
iter=85  trees=86  depth=6  loss=0.880034  time=9ms
iter=86  trees=87  depth=6  loss=0.879909  time=9ms
iter=87  trees=88  depth=6  loss=0.879757  time=9ms
iter=88  trees=89  depth=6  loss=0.879606  time=9ms
iter=89  trees=90  depth=6  loss=0.879426  time=10ms
iter=90  trees=91  depth=6  loss=0.879284  time=9ms
iter=91  trees=92  depth=6  loss=0.879149  time=9ms
iter=92  trees=93  depth=6  loss=0.878980  time=9ms
iter=93  trees=94  depth=6  loss=0.878862  time=10ms
iter=94  trees=95  depth=6  loss=0.878754  time=10ms
iter=95  trees=96  depth=6  loss=0.878631  time=9ms
iter=96  trees=97  depth=6  loss=0.878460  time=9ms
iter=97  trees=98  depth=6  loss=0.878297  time=10ms
iter=98  trees=99  depth=6  loss=0.878191  time=11ms
iter=99  trees=100  depth=6  loss=0.878029  time=8ms
---
Training complete: 100 trees in 0.93s
Phase breakdown (avg per iter): grad=0.3ms tree=8.5ms leaf=0.2ms apply=0.2ms

# stderr:
